0 info it worked if it ends with ok
1 verbose cli [ '/Users/rSahm/.nvm/versions/node/v6.6.0/bin/node',
1 verbose cli   '/Users/rSahm/.nvm/versions/node/v6.6.0/bin/npm',
1 verbose cli   'run',
1 verbose cli   'production' ]
2 info using npm@3.10.3
3 info using node@v6.6.0
4 verbose run-script [ 'preproduction', 'production', 'postproduction' ]
5 info lifecycle react_code_splitting_router_v4@1.0.0~preproduction: react_code_splitting_router_v4@1.0.0
6 silly lifecycle react_code_splitting_router_v4@1.0.0~preproduction: no script for preproduction, continuing
7 info lifecycle react_code_splitting_router_v4@1.0.0~production: react_code_splitting_router_v4@1.0.0
8 verbose lifecycle react_code_splitting_router_v4@1.0.0~production: unsafe-perm in lifecycle true
9 verbose lifecycle react_code_splitting_router_v4@1.0.0~production: PATH: /Users/rSahm/.nvm/versions/node/v6.6.0/lib/node_modules/npm/bin/node-gyp-bin:/Users/rSahm/Sites/Personal/TnD/tnd/node_modules/.bin:/Users/rSahm/.nvm/versions/node/v6.6.0/bin:/Users/rSahm/.nvm/versions/node/v6.6.0/bin:/usr/local/mysql/bin:/Users/rSahm/.npm-packages/bin:/usr/local/share/npm/lib/node_modules/grunt-cli/bin:/Users/rSahm/bin:/usr/local/bin:/usr/bin:/bin:/usr/sbin:/sbin
10 verbose lifecycle react_code_splitting_router_v4@1.0.0~production: CWD: /Users/rSahm/Sites/Personal/TnD/tnd
11 silly lifecycle react_code_splitting_router_v4@1.0.0~production: Args: [ '-c', 'set NODE_ENV=production && npm run clean && webpack' ]
12 silly lifecycle react_code_splitting_router_v4@1.0.0~production: Returned: code: 1  signal: null
13 info lifecycle react_code_splitting_router_v4@1.0.0~production: Failed to exec production script
14 verbose stack Error: react_code_splitting_router_v4@1.0.0 production: `set NODE_ENV=production && npm run clean && webpack`
14 verbose stack Exit status 1
14 verbose stack     at EventEmitter.<anonymous> (/Users/rSahm/.nvm/versions/node/v6.6.0/lib/node_modules/npm/lib/utils/lifecycle.js:242:16)
14 verbose stack     at emitTwo (events.js:106:13)
14 verbose stack     at EventEmitter.emit (events.js:191:7)
14 verbose stack     at ChildProcess.<anonymous> (/Users/rSahm/.nvm/versions/node/v6.6.0/lib/node_modules/npm/lib/utils/spawn.js:40:14)
14 verbose stack     at emitTwo (events.js:106:13)
14 verbose stack     at ChildProcess.emit (events.js:191:7)
14 verbose stack     at maybeClose (internal/child_process.js:877:16)
14 verbose stack     at Process.ChildProcess._handle.onexit (internal/child_process.js:226:5)
15 verbose pkgid react_code_splitting_router_v4@1.0.0
16 verbose cwd /Users/rSahm/Sites/Personal/TnD/tnd
17 error Darwin 16.7.0
18 error argv "/Users/rSahm/.nvm/versions/node/v6.6.0/bin/node" "/Users/rSahm/.nvm/versions/node/v6.6.0/bin/npm" "run" "production"
19 error node v6.6.0
20 error npm  v3.10.3
21 error code ELIFECYCLE
22 error react_code_splitting_router_v4@1.0.0 production: `set NODE_ENV=production && npm run clean && webpack`
22 error Exit status 1
23 error Failed at the react_code_splitting_router_v4@1.0.0 production script 'set NODE_ENV=production && npm run clean && webpack'.
23 error Make sure you have the latest version of node.js and npm installed.
23 error If you do, this is most likely a problem with the react_code_splitting_router_v4 package,
23 error not with npm itself.
23 error Tell the author that this fails on your system:
23 error     set NODE_ENV=production && npm run clean && webpack
23 error You can get information on how to open an issue for this project with:
23 error     npm bugs react_code_splitting_router_v4
23 error Or if that isn't available, you can get their info via:
23 error     npm owner ls react_code_splitting_router_v4
23 error There is likely additional logging output above.
24 verbose exit [ 1, true ]
